       2.786689
       5.433813
       5.663278
       5.778491
       7.158206
       9.683442
      10.807259
      12.493079
      13.391113
      13.434701
      14.102491
      16.162861
      17.165125
      17.180012
      23.196924
      24.648890
      27.519603
      29.203823
      30.653577
      31.497651
      33.440164
      34.968539
      38.622163
      41.440943
      42.044957
      42.106410
      43.686476
      44.520143
      44.623841
      46.201398
      47.630404
      48.346268
      49.088969
      49.650453
      53.194790
      54.815071
      55.822033
      60.445782
      61.459469
      62.168725
      62.805841
      63.294106
      64.966561
      66.215452
      66.757533
      67.564281
      68.568794
      72.465768
      72.732498
      78.056774
      85.335916
      87.685435
      89.006829
      89.378726
      90.719999
      94.359474
      97.886839
      99.486314
     101.770982
     102.908386
     103.473272
     103.620445
     105.435701
     105.522484
     107.773568
     109.003797
     111.404833
     111.507529
     111.800834
     111.853718
     112.240864
     112.672835
     113.756147
     114.084664
     116.055153
     117.843540
     118.842641
     121.458988
     122.452110
     123.080781
     123.464682
     123.687554
     124.857588
     126.919582
     127.059316
     132.212646
     133.955585
     135.159075
     136.856049
     140.604500
     145.975256
     147.935206
     150.692353
     152.374154
     154.743599
     158.159075
     160.049211
     160.139229
     164.763876
     169.320186
     169.410860
     172.544771
     174.255368
     178.512932
     179.393555
     179.721171
     181.144340
     181.305564
     183.535755
     193.036730
     193.313365
     194.578767
     195.174827
     195.709305
     199.281256
     200.396319
     200.667606
     202.248636
     202.570258
     203.674878
     204.287466
     204.413487
     205.021816
     205.591585
     206.853291
     207.851206
     207.851653
     207.864269
     210.042877
     210.115818
     212.084395
     216.180773
     219.194103
     220.370425
     225.704774
     226.086659
     227.590481
     229.899373
     230.302125
     231.833477
     236.007375
     236.045173
     236.423495
     238.007897
     238.645996
     239.620787
     241.725085
     242.269881
     243.579933
     244.242170
     246.722961
     248.320341
     250.097643
     251.648278
     252.151608
     257.155810
     257.320945
     257.431383
     262.448218
     262.638185
     263.071798
     263.600169
     267.020418
     267.345005
     267.881599
     268.922368
     269.609692
     269.728737
     270.263661
     271.045558
     272.145313
     272.462605
     273.026153
     275.402999
     279.649140
     283.540377
     284.231733
     285.614347
     287.722685
     288.539752
     290.836777
     292.188131
     296.736884
     303.373072
     304.650906
     312.836360
     313.357537
     313.484726
     314.161607
     316.684988
     318.322006
     320.786469
     321.721568
     322.622076
     323.045259
     323.978069
     325.726135
     326.752155
     327.492705
     328.939939
     330.642320
     331.480588
     332.867965
     337.295043
     338.473599
     339.217223
     340.656145
     340.800672
     343.348073
     343.911821
     344.516176
     345.877571
     346.907342
     348.176052
     348.612859
     348.733456
     349.375290
     351.772482
     352.459132
     352.980845
     353.559157
     356.525017
     356.610905
     357.189361
     361.762063
     364.317118
     369.513940
     369.769961
     370.047880
     371.200218
     371.773302
     376.186695
     377.205642
     377.765101
     378.273274
     380.047290
     380.748604
     382.788292
     383.569234
     383.847846
     389.782938
     391.001190
     391.929568
     398.737407
     399.391454
     400.915186
     401.073652
     408.330662
     411.088302
     412.294880
     412.581155
     412.749286
     412.925740
     413.349644
     414.583730
     417.030539
     422.964233
     423.408552
     426.042534
     428.587331
     433.880037
     435.780068
     436.549653
     437.036931
     438.746110
     441.683396
     442.229624
     444.270390
     445.318422
     449.426698
     450.521656
     451.123734
     452.233627
     453.525123
     453.528318
     455.694770
     455.766410
     458.518913
     459.235965
     460.810258
     463.408775
     464.076598
     470.578249
     472.250745
     474.130200
     481.370181
     481.950201
     484.936705
     487.911031
     488.159242
     488.505593
     489.040763
     489.646515
     489.721110
     490.417043
     493.872513
     494.002025
     494.461962
     494.946468
     495.326979
     497.096273
     497.311404
     498.673689
     499.765321
     500.408540
     503.958443
     505.066188
     505.196275
     505.459787
     507.620930
     514.390978
     516.595027
     516.911030
     518.367699
     521.075576
     521.773824
     522.108465
     524.069582
     524.784033
     526.040891
     526.079079
     527.079115
     527.419629
     527.913912
     528.391539
     528.901071
     530.088720
     531.843620
     532.408877
     536.694165
     537.605097
     537.774002
     540.657721
     540.781504
     541.238269
     541.386626
     543.358457
     545.376934
     550.202705
     551.502204
     554.005796
     554.266176
     554.786555
     556.947131
     557.943261
     559.772913
     563.497911
     563.849673
     564.473557
     567.886591
     571.437545
     572.913545
     573.513404
     576.576962
     578.885868
     579.350998
     579.394506
     580.409530
     588.024399
     588.188719
     591.511284
     592.666389
     594.378308
     596.061932
     596.952111
     598.107878
     598.290566
     598.662878
     599.031100
     599.843180
     600.424768
     602.754758
     604.112446
     605.995981
     606.051356
     606.280063
     608.603819
     610.938418
     611.989300
     614.372210
     617.160846
     617.551020
     618.431231
     619.918684
     620.099684
     621.042250
     621.362468
     623.935316
     624.015344
     624.318536
     627.057584
     627.410965
     629.132424
     630.974022
     631.476698
     633.399577
     639.982193
     640.412699
     640.741174
     641.374055
     641.718446
     644.543617
     644.965965
     645.748469
     646.987734
     647.411064
     649.261365
     651.457471
     653.079723
     658.891370
     665.050203
     665.205721
     665.612306
     666.448216
     667.431622
     667.438072
     667.622251
     667.628678
     670.580037
     671.483352
     672.467020
     673.609787
     674.419331
     676.628956
     677.791878
     678.001685
     680.531885
     683.281759
     684.972781
     685.645853
     687.023016
     687.819236
     688.492003
     689.292034
     690.166098
     690.602314
     690.798494
     691.715849
     692.098560
     694.597476
     695.076220
     695.817445
     696.213927
     698.717815
     701.028713
     701.108101
     701.851343
     701.862205
     702.320597
     703.465862
     704.423690
     709.134760
     709.234574
     715.735723
     717.104400
     717.723977
     717.743181
     720.149115
     720.344345
     720.524654
     721.913422
     722.115074
     722.374434
     724.065754
     724.947505
     725.322885
     725.336590
     728.316891
     728.964155
     729.696555
     731.615672
     732.099576
     732.728734
     735.234253
     735.619393
     738.772697
     739.546258
     743.093945
     743.412123
     744.040173
     745.612873
     746.890596
     747.825968
     747.967493
     748.365955
     751.101830
     752.073709
     753.886080
     754.670407
     756.377490
     756.992549
     757.949675
     760.348233
     761.278667
     762.010151
     762.832835
     763.208641
     765.164974
     768.055102
     769.279336
     769.531534
     769.554532
     771.484679
     772.622530
     774.253297
     774.664562
     775.310905
     777.033047
     777.248799
     778.726850
     782.346911
     783.574597
     783.983775
     785.230694
     786.994860
     787.860269
     792.243976
     794.472537
     797.495182
     798.539690
     799.023846
     799.745564
     799.757443
     801.030623
     802.932797
     803.194820
     805.323799
     807.390765
     807.648669
     812.199863
     812.746350
     814.830698
     820.213150
     820.897701
     821.656866
     821.875264
     822.346832
     824.883205
     826.330773
     826.493387
     828.597347
     829.292143
     832.578565
     834.968136
     835.046496
     835.989723
     836.217665
     837.039571
     837.343912
     838.002066
     838.652820
     840.754021
     842.903836
     845.533378
     845.887972
     846.692150
     848.309326
     849.943150
     852.189013
     853.214248
     857.779600
     861.268092
     862.801561
     863.782840
     865.267644
     865.418666
     867.511580
     870.084548
     870.602954
     870.811898
     871.606222
     874.468427
     875.738815
     876.308830
     877.234150
     878.309001
     878.352598
     879.254847
     883.563514
     884.300058
     884.596525
     884.827273
     885.620428
     885.851915
     886.909966
     888.157933
     890.590088
     892.355182
     893.910150
     895.036181
     895.773959
     897.298126
     900.342747
     900.479023
     901.926803
     901.939752
     902.874635
     903.123972
     906.422101
     907.208023
     907.665696
     909.035779
     910.648566
     914.180269
     914.669245
     915.485373
     917.197105
     917.207069
     917.691140
     919.449067
     922.104442
     926.078322
     927.781063
     929.715363
     930.394653
     937.595635
     939.820867
     940.624652
     940.752799
     941.126857
     942.087142
     943.068304
     947.520704
     947.951531
     951.351936
     951.896048
     952.349805
     952.705178
     953.248665
     953.960394
     955.344776
     956.836056
     956.841966
     956.972202
     958.790936
     960.395006
     961.374932
     963.442490
     966.086680
     967.153411
     968.080216
     969.100931
     969.733952
     970.134023
     971.696351
     973.499954
     978.969589
     980.351740
     982.089070
     984.961087
     987.605781
     988.576823
     990.939630
     992.090339
     994.902264
     996.186968
     998.333222
     998.859426
    1001.330988
    1003.819478
    1004.003763
    1004.079868
    1005.028610
    1005.077346
    1005.588507
    1006.728134
    1012.487006
    1013.482938
    1014.730291
    1017.197395
    1017.498287
    1019.739451
    1021.514558
    1021.709029
    1023.228823
    1023.397419
    1025.555956
    1025.666928
    1026.764725
    1028.321014
    1030.523776
    1033.635974
    1034.276121
    1035.210680
    1035.557142
    1036.062040
    1037.152599
    1038.313628
    1038.972140
    1043.041541
    1050.329192
    1051.472890
    1051.980551
    1053.379068
    1053.836453
    1054.209666
    1054.349169
    1055.732445
    1057.568908
    1058.332986
    1058.787725
    1059.429279
    1061.494761
    1066.500631
    1068.697689
    1068.903846
    1069.263289
    1069.654374
    1070.215494
    1070.360322
    1073.534444
    1075.378234
    1076.336862
    1078.076219
    1083.982833
    1084.737108
    1084.808036
    1085.210414
    1086.048870
    1088.473347
    1090.038413
    1091.130759
    1091.493252
    1091.653393
    1094.610638
    1096.203202
    1096.299698
    1096.555323
    1097.398321
    1100.333214
    1101.429061
    1101.642055
    1104.237568
    1105.003364
    1107.644783
    1107.936306
    1109.344647
    1110.249841
    1110.252532
    1110.459435
    1111.494446
    1111.608846
    1111.851848
    1113.459694
    1119.600140
    1121.324210
    1127.984948
    1130.763169
    1137.004066
    1139.758814
    1140.505338
    1141.252657
    1143.680897
    1143.697552
    1145.023557
    1146.381613
    1147.108700
    1147.312866
    1149.418950
    1149.794451
    1149.897384
    1151.450785
    1151.976017
    1152.201173
    1153.517011
    1154.227846
    1154.908015
    1155.343737
    1161.322922
    1164.356506
    1166.634939
    1167.100205
    1167.335029
    1168.422448
    1169.506298
    1169.704842
    1171.407103
    1182.870402
    1187.004726
    1187.381776
    1188.646777
    1189.395935
    1189.967809
    1191.741364
    1194.087920
    1195.643983
    1198.765275
    1198.932064
    1200.546119
    1202.647374
    1206.276126
    1206.709265
    1207.281219
    1207.819892
    1210.064974
    1211.215655
    1213.045708
    1213.461629
    1217.898076
    1217.919432
    1219.286144
    1220.290795
    1222.169533
    1223.973826
    1224.502761
    1225.106585
    1226.536944
    1226.923104
    1228.818604
    1228.932497
    1232.288660
    1232.566589
    1234.042103
    1234.560315
    1235.881663
    1235.892340
    1236.243215
    1237.199884
    1237.349696
    1238.366974
    1240.948364
    1241.327123
    1242.245513
    1243.336315
    1246.233221
    1247.575408
    1247.738646
    1247.768221
    1247.978615
    1249.108981
    1249.617776
    1251.225943
    1251.587190
    1251.799345
    1253.511924
    1253.565358
    1253.836296
    1254.581766
    1254.925898
    1256.116930
    1258.875047
    1259.650368
    1261.322762
    1261.944972
    1263.032780
    1264.508857
    1266.083477
    1266.252493
    1271.985480
    1272.306137
    1274.646521
    1274.886904
    1276.554606
    1276.668657
    1277.803207
    1278.384635
    1279.654529
    1284.001495
    1284.652514
    1286.349637
    1287.273292
    1288.137181
    1288.843173
    1289.969068
    1291.651430
    1294.416943
    1295.611047
    1296.334297
    1297.774525
    1299.572780
    1303.717454
    1304.965237
    1308.458321
    1310.079512
    1314.453776
    1314.552409
    1315.951247
    1317.666923
    1317.828402
    1318.432442
    1318.828414
    1319.675958
    1322.486579
    1323.094996
    1328.471814
    1329.914148
    1331.852366
    1332.716504
    1337.011739
    1339.731727
    1341.096445
    1342.138380
    1345.600995
    1345.695577
    1345.760272
    1346.729675
    1347.020309
    1347.788569
    1348.513322
    1348.524745
    1349.570889
    1350.357114
    1350.843535
    1352.887468
    1354.257221
    1354.551434
    1355.323823
    1355.421242
    1358.368475
    1364.212064
    1364.828803
    1369.381199
    1373.977806
    1374.800042
    1375.367559
    1375.911364
    1378.866820
    1381.830279
    1382.428215
    1383.245002
    1388.271692
    1388.273282
    1390.753044
    1391.647775
    1393.283833
    1393.608432
    1394.392205
    1402.139294
    1406.765580
    1409.129485
    1409.258540
    1410.483975
    1410.647420
    1410.805995
    1410.935318
    1411.505743
    1412.873564
    1413.863497
    1417.214413
    1420.445703
    1421.323499
    1422.590903
    1427.640917
    1427.780698
    1428.639346
    1429.184135
    1430.310328
    1430.738916
    1430.835666
    1433.461103
    1433.858112
    1434.493416
    1442.654163
    1442.816527
    1443.226508
    1444.024335
    1448.263852
    1449.426211
    1449.808804
    1452.071301
    1457.105827
    1457.215223
    1457.397581
    1461.722999
    1466.071103
    1466.155719
    1469.001743
    1470.129405
    1470.143135
    1470.376292
    1471.509252
    1476.047216
    1476.275697
    1477.692233
    1478.147464
    1478.962512
    1480.549087
    1483.026264
    1486.454554
    1487.179310
    1487.225206
    1488.156457
    1488.706274
    1490.272387
    1491.831865
    1492.649383
    1494.525161
    1494.881984
    1495.066639
    1496.923721
    1499.760991
    1502.003057
    1506.951729
    1508.168169
    1509.051232
    1509.771344
    1513.021679
    1513.081444
    1514.067584
    1517.540229
