0.033333 0.166667
0.166667 0.833333
0.833333 0.033333
0.033333 0.166667
0.166667 0.833333
0.833333 0.033333
0.033333 0.166667
0.166667 0.833333
0.833333 0.033333
0.033333 0.166667
0.166667 0.833333
0.833333 0.033333
0.033333 0.166667
0.166667 0.833333
0.833333 0.033333
0.033333 0.166667
0.166667 0.833333
0.833333 0.033333
0.033333 0.166667
0.166667 0.833333
0.833333 0.033333
0.033333 0.166667
0.166667 0.833333
0.833333 0.033333
0.033333 0.166667
0.166667 0.833333
0.833333 0.033333
0.033333 0.166667
0.166667 0.833333
0.833333 0.033333
0.033333 0.166667
0.166667 0.833333
0.833333 0.033333
0.033333 0.166667
0.166667 0.833333
0.833333 0.033333
0.033333 0.166667
0.166667 0.833333
0.833333 0.033333
0.033333 0.166667
0.166667 0.833333
0.833333 0.033333
0.033333 0.166667
0.166667 0.833333
0.833333 0.033333
0.033333 0.166667
0.166667 0.833333
0.833333 0.033333
0.033333 0.166667
0.166667 0.833333
0.833333 0.033333
0.033333 0.166667
0.166667 0.833333
0.833333 0.033333
0.033333 0.166667
0.166667 0.833333
0.833333 0.033333
0.033333 0.166667
0.166667 0.833333
