# LCG, a=5, c=0, m=31, seed=1

 0.033333
 0.166667
 0.833333
 0.033333
 0.166667
 0.833333
 0.033333
 0.166667
 0.833333
 0.033333
 0.166667
 0.833333
 0.033333
 0.166667
 0.833333
 0.033333
 0.166667
 0.833333
 0.033333
 0.166667
 0.833333
 0.033333
 0.166667
 0.833333
 0.033333
 0.166667
 0.833333
 0.033333
 0.166667
 0.833333
 0.033333
 0.166667
 0.833333
 0.033333
 0.166667
 0.833333
 0.033333
 0.166667
 0.833333
 0.033333
 0.166667
 0.833333
 0.033333
 0.166667
 0.833333
 0.033333
 0.166667
 0.833333
 0.033333
 0.166667
 0.833333
 0.033333
 0.166667
 0.833333
 0.033333
 0.166667
 0.833333
 0.033333
 0.166667
 0.833333
